ERROR: Cannot open file: /2/cgi.txt
ERROR: Cannot open file: /2/cgi.txt
ERROR: Cannot open file: /2/cgi.txt
ERROR: Cannot open file: /2/cgi.txt
ERROR: Cannot open file: /2/cgi.txt
ERROR: Cannot open file: /2/cgi.txt
ERROR: Cannot open file: /2/cgi.txt
ERROR: Cannot open file: /2/cgi.txt
ERROR: Cannot open file: /2/cgi.txt
./html/cgi.txt
1.2
0.1
0.5
hson seyu webserv
CGI Tester
#4040bf
#bf4060

./html/cgi.txt
1.2
0.1
0.5
hson seyu webserv
CGI Tester
#4040bf
#bf4060

./cgi/cgi.txt
1.2
0.1
0.5
hson seyu webserv
CGI Tester
#4040bf
#bf4060

./cgi/cgi.txt
1.2
0.1
0.5
hson seyu webserv
CGI Tester
#4040bf
#bf4060

./cgi/cgi.txt
1.2
0.1
0.5
hson seyu webserv
CGI Tester
#4040bf
#bf4060

./cgi/cgi.txt
1.2
0.1
0.5
hson seyu webserv
CGI Tester
#4040bf
#bf4060

./cgi/cgi.txt
1.2
0.1
0.5
hson seyu webserv
CGI Tester
#4040bf
#bf4060

./cgi/cgi.txt
1.2
0.1
0.5
hson seyu webserv
CGI Tester
#4040bf
#bf4060

./cgi/cgi.txt
1.2
0.1
0.5
hson seyu webserv
CGI Tester
#4040bf
#bf4060

./cgi/cgi.txt
1.2
0.1
0.5
hson seyu webserv
CGI Tester
#4040bf
#bf4060

./cgi/cgi.txt
1.2
0.1
0.5
hson seyu webserv
CGI Tester
#4040bf
#bf4060

./cgi/cgi.txt
1.2
0.1
0.5
hson seyu webserv
CGI Tester
#4040bf
#bf4060

./cgi/cgi.txt
1.2
0.1
0.5
hson seyu webserv
CGI Tester
#4040bf
#bf4060

./cgi/cgi.txt
1.2
0.1
0.5
hson seyu webserv
CGI Tester
#4040bf
#bf4060

./cgi/cgi.txt
1.2
0.1
0.5
hson seyu webserv
CGI Tester
#4040bf
#bf4060

